<?xml version="1.0" encoding="UTF-8"?>
<!-- Generated by org.testng.reporters.JUnitReportReporter -->
<testsuite hostname="Admin" name="Testcases.Combyne_loginTest" tests="1" failures="0" timestamp="16 Nov 2020 17:54:49 GMT" time="1.663" errors="0">
  <testcase name="login_TC006_TC007" time="1.663" classname="Testcases.Combyne_loginTest"/>
</testsuite> <!-- Testcases.Combyne_loginTest -->
